<?xml version="1.0" encoding="UTF-8"?>
<robot generator="Robot 7.4.1 (Python 3.14.2 on win32)" generated="2026-02-08T18:14:46.434640" rpa="false" schemaversion="5">
<suite id="s1" name="CRM" source="C:\Users\fernando.caballero\PycharmProjects\RobotProject\Tests\CRM.robot">
<test id="s1-t1" name="The user should be able to add a new customer to the list" line="42">
<kw name="Begin Web Test" type="SETUP">
<kw name="Open Browser" owner="SeleniumLibrary">
<msg time="2026-02-08T18:14:46.843453" level="INFO">Opening browser 'chrome' to base url 'https://automationplayground.com/crm'.</msg>
<arg>${URL}</arg>
<arg>${BROWSER}</arg>
<arg>options=add_argument("--start-maximized")</arg>
<doc>Opens a new browser instance to the optional ``url``.</doc>
<status status="PASS" start="2026-02-08T18:14:46.843195" elapsed="3.253124"/>
</kw>
<kw name="Log" owner="BuiltIn">
<msg time="2026-02-08T18:14:50.097005" level="INFO">Browser is open test starts</msg>
<arg>Browser is open test starts</arg>
<doc>Logs the given message with the given level.</doc>
<status status="PASS" start="2026-02-08T18:14:50.096647" elapsed="0.000418"/>
</kw>
<status status="PASS" start="2026-02-08T18:14:46.842555" elapsed="3.254609"/>
</kw>
<kw name="Given Page Should Contain" owner="SeleniumLibrary">
<msg time="2026-02-08T18:14:50.108348" level="INFO">Current page contains text 'Customers Are Priority One!'.</msg>
<arg>${HOME_MAIN_HEADER}</arg>
<doc>Verifies that current page contains ``text``.</doc>
<status status="PASS" start="2026-02-08T18:14:50.097577" elapsed="0.010870"/>
</kw>
<kw name="And Click Sign In Button" owner="HomePage">
<kw name="Click Link" owner="SeleniumLibrary">
<msg time="2026-02-08T18:14:50.109699" level="INFO">Clicking link 'id:SignIn'.</msg>
<arg>${HOME_SIGN_IN}</arg>
<doc>Clicks a link identified by ``locator``.</doc>
<status status="PASS" start="2026-02-08T18:14:50.109218" elapsed="0.669058"/>
</kw>
<doc>go to login page</doc>
<status status="PASS" start="2026-02-08T18:14:50.108868" elapsed="0.669578"/>
</kw>
<kw name="And User logged in" owner="LoginPage">
<kw name="Page Should Contain" owner="SeleniumLibrary">
<msg time="2026-02-08T18:14:50.792217" level="INFO">Current page contains text 'Login'.</msg>
<arg>Login</arg>
<doc>Verifies that current page contains ``text``.</doc>
<status status="PASS" start="2026-02-08T18:14:50.779231" elapsed="0.013116"/>
</kw>
<kw name="Element Should Be Visible" owner="SeleniumLibrary">
<msg time="2026-02-08T18:14:50.810538" level="INFO">Element 'id:email-id' is displayed.</msg>
<arg>${LOGIN_EMAIL_TEXTBOX}</arg>
<doc>Verifies that the element identified by ``locator`` is visible.</doc>
<status status="PASS" start="2026-02-08T18:14:50.792542" elapsed="0.018149"/>
</kw>
<kw name="Element Should Be Visible" owner="SeleniumLibrary">
<msg time="2026-02-08T18:14:50.826123" level="INFO">Element 'id:password' is displayed.</msg>
<arg>${LOGIN_PASSWORD_TEXTBOX}</arg>
<doc>Verifies that the element identified by ``locator`` is visible.</doc>
<status status="PASS" start="2026-02-08T18:14:50.810931" elapsed="0.015292"/>
</kw>
<kw name="Input Text" owner="SeleniumLibrary">
<msg time="2026-02-08T18:14:50.826676" level="INFO">Typing text 'test@gmail.com' into text field 'id:email-id'.</msg>
<arg>${LOGIN_EMAIL_TEXTBOX}</arg>
<arg>${email}</arg>
<doc>Types the given ``text`` into the text field identified by ``locator``.</doc>
<status status="PASS" start="2026-02-08T18:14:50.826400" elapsed="0.090661"/>
</kw>
<kw name="Input Text" owner="SeleniumLibrary">
<msg time="2026-02-08T18:14:50.917698" level="INFO">Typing text 'pass123' into text field 'id:password'.</msg>
<arg>${LOGIN_PASSWORD_TEXTBOX}</arg>
<arg>${password}</arg>
<doc>Types the given ``text`` into the text field identified by ``locator``.</doc>
<status status="PASS" start="2026-02-08T18:14:50.917371" elapsed="0.072810"/>
</kw>
<kw name="Click Button" owner="SeleniumLibrary">
<msg time="2026-02-08T18:14:50.990822" level="INFO">Clicking button 'id:submit-id'.</msg>
<arg>${LOGIN_BUTTON}</arg>
<doc>Clicks the button identified by ``locator``.</doc>
<status status="PASS" start="2026-02-08T18:14:50.990459" elapsed="0.069838"/>
</kw>
<status status="PASS" start="2026-02-08T18:14:50.778874" elapsed="0.281628"/>
</kw>
<kw name="And Verify if user is on customer service page" owner="CustomersPage">
<kw name="Wait Until Element Is Visible" owner="SeleniumLibrary">
<msg time="2026-02-08T18:14:51.653931" level="INFO">Suppressing StaleElementReferenceException from Selenium.</msg>
<arg>${CUSTOMERS_TITLE}</arg>
<doc>Waits until the element ``locator`` is visible.</doc>
<status status="PASS" start="2026-02-08T18:14:51.061098" elapsed="0.807457"/>
</kw>
<kw name="Page Should Contain" owner="SeleniumLibrary">
<msg time="2026-02-08T18:14:51.878463" level="INFO">Current page contains text 'Our Happy Customers'.</msg>
<arg>${CUSTOMERS_HEADER}</arg>
<doc>Verifies that current page contains ``text``.</doc>
<status status="PASS" start="2026-02-08T18:14:51.868833" elapsed="0.009745"/>
</kw>
<status status="PASS" start="2026-02-08T18:14:51.060852" elapsed="0.817829"/>
</kw>
<kw name="And Click on new customer button" owner="CustomersPage">
<kw name="Click Element" owner="SeleniumLibrary">
<msg time="2026-02-08T18:14:51.879633" level="INFO">Clicking element 'id=new-customer'.</msg>
<arg>id=new-customer</arg>
<doc>Click the element identified by ``locator``.</doc>
<status status="PASS" start="2026-02-08T18:14:51.879405" elapsed="0.624193"/>
</kw>
<status status="PASS" start="2026-02-08T18:14:51.879110" elapsed="0.624786"/>
</kw>
<kw name="Input Text" owner="SeleniumLibrary">
<msg time="2026-02-08T18:14:52.504839" level="INFO">Typing text 'test@123.com' into text field 'id=EmailAddress'.</msg>
<arg>id=EmailAddress</arg>
<arg>test@123.com</arg>
<doc>Types the given ``text`` into the text field identified by ``locator``.</doc>
<status status="PASS" start="2026-02-08T18:14:52.504525" elapsed="0.094953"/>
</kw>
<kw name="Input Text" owner="SeleniumLibrary">
<msg time="2026-02-08T18:14:52.600418" level="INFO">Typing text 'Fer' into text field 'id=FirstName'.</msg>
<arg>id=FirstName</arg>
<arg>Fer</arg>
<doc>Types the given ``text`` into the text field identified by ``locator``.</doc>
<status status="PASS" start="2026-02-08T18:14:52.600090" elapsed="0.080871"/>
</kw>
<kw name="Input Text" owner="SeleniumLibrary">
<msg time="2026-02-08T18:14:52.681791" level="INFO">Typing text 'Caballero' into text field 'id=LastName'.</msg>
<arg>id=LastName</arg>
<arg>Caballero</arg>
<doc>Types the given ``text`` into the text field identified by ``locator``.</doc>
<status status="PASS" start="2026-02-08T18:14:52.681407" elapsed="0.087315"/>
</kw>
<kw name="Input Text" owner="SeleniumLibrary">
<msg time="2026-02-08T18:14:52.769908" level="INFO">Typing text 'Corrientes' into text field 'id=City'.</msg>
<arg>id=City</arg>
<arg>Corrientes</arg>
<doc>Types the given ``text`` into the text field identified by ``locator``.</doc>
<status status="PASS" start="2026-02-08T18:14:52.769498" elapsed="0.089028"/>
</kw>
<kw name="Select From List By Label" owner="SeleniumLibrary">
<msg time="2026-02-08T18:14:52.859400" level="INFO">Selecting options from selection list 'id=StateOrRegion' by label Florida.</msg>
<arg>id=StateOrRegion</arg>
<arg>Florida</arg>
<doc>Selects options from selection list ``locator`` by ``labels``.</doc>
<status status="PASS" start="2026-02-08T18:14:52.859048" elapsed="0.113458"/>
</kw>
<kw name="Click Element" owner="SeleniumLibrary">
<msg time="2026-02-08T18:14:52.973529" level="INFO">Clicking element 'xpath=//input[@type='radio' and @value='male']'.</msg>
<arg>xpath=//input[@type='radio' and @value='male']</arg>
<doc>Click the element identified by ``locator``.</doc>
<status status="PASS" start="2026-02-08T18:14:52.973151" elapsed="0.064642"/>
</kw>
<kw name="Click Button" owner="SeleniumLibrary">
<msg time="2026-02-08T18:14:53.038480" level="INFO">Clicking button 'xpath=//button[@type='submit']'.</msg>
<arg>xpath=//button[@type='submit']</arg>
<doc>Clicks the button identified by ``locator``.</doc>
<status status="PASS" start="2026-02-08T18:14:53.038226" elapsed="0.074072"/>
</kw>
<kw name="Wait Until Element Is Visible" owner="SeleniumLibrary">
<arg>id=Success</arg>
<doc>Waits until the element ``locator`` is visible.</doc>
<status status="PASS" start="2026-02-08T18:14:53.112726" elapsed="0.580848"/>
</kw>
<kw name="Sleep" owner="BuiltIn">
<msg time="2026-02-08T18:14:56.694775" level="INFO">Slept 3 seconds.</msg>
<arg>3s</arg>
<doc>Pauses the test executed for the given time.</doc>
<status status="PASS" start="2026-02-08T18:14:53.693941" elapsed="3.001000"/>
</kw>
<kw name="Close Browser" owner="SeleniumLibrary">
<doc>Closes the current browser.</doc>
<status status="PASS" start="2026-02-08T18:14:56.695367" elapsed="2.222715"/>
</kw>
<kw name="End Web Test" type="TEARDOWN">
<kw name="Log" owner="BuiltIn">
<msg time="2026-02-08T18:14:58.919582" level="INFO">Browser is closed test ends</msg>
<arg>Browser is closed test ends</arg>
<doc>Logs the given message with the given level.</doc>
<status status="PASS" start="2026-02-08T18:14:58.919293" elapsed="0.000336"/>
</kw>
<kw name="Close Browser" owner="SeleniumLibrary">
<doc>Closes the current browser.</doc>
<status status="PASS" start="2026-02-08T18:14:58.919730" elapsed="0.000094"/>
</kw>
<status status="PASS" start="2026-02-08T18:14:58.918872" elapsed="0.001006"/>
</kw>
<doc>Automation of the add new customer to the list</doc>
<tag>add-customer</tag>
<tag>t2</tag>
<status status="PASS" start="2026-02-08T18:14:46.841669" elapsed="12.078517"/>
</test>
<doc>This is my first automation project with robot framework</doc>
<status status="PASS" start="2026-02-08T18:14:46.437065" elapsed="12.483771"/>
</suite>
<statistics>
<total>
<stat pass="1" fail="0" skip="0">All Tests</stat>
</total>
<tag>
<stat pass="1" fail="0" skip="0">add-customer</stat>
<stat pass="1" fail="0" skip="0">t2</stat>
</tag>
<suite>
<stat name="CRM" id="s1" pass="1" fail="0" skip="0">CRM</stat>
</suite>
</statistics>
<errors>
</errors>
</robot>
